<?xml version="1.0" encoding="UTF-8"?>
<!-- Generated by org.testng.reporters.JUnitReportReporter -->
<testsuite skipped="0" hostname="DESKTOP-D5EDN2C" name="TestScripts.Tc1_Login" tests="1" failures="0" timestamp="05 Jan 2018 12:32:23 GMT" time="9.334" errors="0">
  <testcase name="verifyOrangeHRM" time="9.334" classname="TestScripts.Tc1_Login"/>
</testsuite> <!-- TestScripts.Tc1_Login -->
